********************************************************************************
DUPLICATOR-LITE PACKAGE-LOG: April 9, 2021 8:48 am
NOTICE: Do NOT post to public sites or forums 
********************************************************************************
VERSION:	1.4.0
WORDPRESS:	5.7
PHP INFO:	7.4.8 | SAPI: apache2handler
SERVER:		Apache/2.4.43 (Win64) OpenSSL/1.1.1g PHP/7.4.8 
PHP TIME LIMIT: (0) no time limit imposed 
PHP MAX MEMORY: 4294967296 (512M default) 
MEMORY STACK: 6MB

********************************************************************************
DATABASE:
********************************************************************************
BUILD MODE:   MYSQLDUMP
MYSQLTIMEOUT: 5000
MYSQLDUMP:    Is Supported
SQL CREATED: 20210409_ikrameelarfaoui_7eba1a5de8bb9cc18023_20210409084541_database.sql
SQL FILE SIZE: 964.18KB (987317)
SQL FILE TIME: 2021-04-09 08:48:10
SQL RUNTIME: 7.44 sec.

********************************************************************************
ARCHIVE (ZIP):
********************************************************************************
ARCHIVE DIR:  C:/xampp/htdocs/wordpress
ARCHIVE FILE: 20210409_ikrameelarfaoui_7eba1a5de8bb9cc18023_20210409084541_archive.zip
FILTERS: *OFF*
DIRS:
	not set
FILES:
	not set
EXTS:  not set
----------------------------------------
COMPRESSING
SIZE:	76.92MB
STATS:	Dirs 397 | Files 2,883
SQL ADDED: 20210409_ikrameelarfaoui_7eba1a5de8bb9cc18023_20210409084541_database.sql
ZipArchive Object
(
    [status] => 0
    [statusSys] => 0
    [numFiles] => 3280
    [filename] => C:\xampp\htdocs\wordpress\wp-content\backups-dup-lite\tmp\20210409_ikrameelarfaoui_7eba1a5de8bb9cc18023_20210409084541_archive.zip
    [comment] => 
)

FILE ADDED TO ZIP: 3279
COMPRESSION RESULT: '1'
COMPRESSED SIZE: 36.57MB
ARCHIVE RUNTIME: 16.67 sec.
MEMORY STACK: 6MB
building installer
add_extra_files1
add_extra_files2
add_extra_files3
add_extra_files4
Doing archive file check
add_extra_files5
add_extra_files6
add_extra_files8
Successfully opened zip C:/xampp/htdocs/wordpress/wp-content/backups-dup-lite/tmp/20210409_ikrameelarfaoui_7eba1a5de8bb9cc18023_20210409084541_archive.zip
Adding enhanced installer files to archive using ZipArchive
Installer files added to archive
Added to archive
After ziparchive close when adding installer

********************************************************************************
INTEGRITY CHECKS:
********************************************************************************
SQL FILE: 964.18KB
INSTALLER FILE: 63.96KB
ARCHIVE FILE: 38.08MB 
EXPECTED FILE/DIRECTORY COUNT: 3,280
ACTUAL FILE/DIRECTORY COUNT: 3,279
ARCHIVE CONSISTENCY TEST: Pass

********************************************************************************
RECORD ID:[1]
TOTAL PROCESS RUNTIME: 26.47 sec.
PEAK PHP MEMORY USED: 6MB
DONE PROCESSING => 20210409_ikrameelarfaoui April 9, 2021 8:48 am

